[2011-10-08 09:09:02,864] - DEBUG - singleton - Checking for another running instance...
[2011-10-08 09:09:02,881] - INFO - zeitgeist.sql - Using database: /home/lvl9/.local/share/zeitgeist/activity.sqlite
[2011-10-08 09:09:02,890] - DEBUG - zeitgeist.sql - Core schema is good. DB loaded in 8.54301452637ms
[2011-10-08 09:09:02,891] - DEBUG - zeitgeist.extension - Searching for system extensions in: /usr/share/zeitgeist/_zeitgeist/engine/extensions
[2011-10-08 09:09:02,891] - DEBUG - zeitgeist.extension - Searching for user extensions in: /home/lvl9/.local/share/zeitgeist/extensions
[2011-10-08 09:09:03,019] - DEBUG - zeitgeist.extension - No extra extensions
[2011-10-08 09:09:03,019] - DEBUG - zeitgeist.extension - Found extensions: [<class '_zeitgeist.engine.extensions.blacklist.Blacklist'>, <class '_zeitgeist.engine.extensions.fts.SearchEngineExtension'>, <class '_zeitgeist.engine.extensions.datasource_registry.DataSourceRegistry'>]
[2011-10-08 09:09:03,019] - DEBUG - zeitgeist.extension - Loading extension 'Blacklist'
[2011-10-08 09:09:03,019] - DEBUG - zeitgeist.blacklist - No existing blacklist config found
[2011-10-08 09:09:03,019] - DEBUG - zeitgeist.extension - Loading extension 'SearchEngineExtension'
[2011-10-08 09:09:03,020] - DEBUG - zeitgeist.fts - Opening full text index: /home/lvl9/.local/share/zeitgeist/fts.index
[2011-10-08 09:09:03,027] - DEBUG - zeitgeist.extension - Loading extension 'DataSourceRegistry'
[2011-10-08 09:09:03,028] - DEBUG - zeitgeist.datasource_registry - Loaded data-source data from /home/lvl9/.local/share/zeitgeist/datasources.pickle
[2011-10-08 09:09:03,043] - INFO - root - Trying to start the datahub
[2011-10-08 09:09:03,073] - DEBUG - root - Running datahub (/usr/bin/zeitgeist-datahub) with PID=1246
[2011-10-08 09:09:03,073] - INFO - root - Starting Zeitgeist service...
[2011-10-08 09:09:27,548] - DEBUG - zeitgeist.fts - Indexing 'application://gnome-terminal.desktop'
[2011-10-08 09:09:28,070] - DEBUG - zeitgeist.fts - Committing FTS index
[2011-10-08 09:09:28,959] - DEBUG - zeitgeist.engine - Inserted 1 events out of 1 in 1.424305s
[2011-10-08 10:09:55,009] - DEBUG - singleton - Checking for another running instance...
[2011-10-08 10:09:55,028] - INFO - zeitgeist.sql - Using database: /home/lvl9/.local/share/zeitgeist/activity.sqlite
[2011-10-08 10:09:55,029] - DEBUG - zeitgeist.sql - Core schema is good. DB loaded in 1.60503387451ms
[2011-10-08 10:09:55,030] - DEBUG - zeitgeist.extension - Searching for system extensions in: /usr/share/zeitgeist/_zeitgeist/engine/extensions
[2011-10-08 10:09:55,030] - DEBUG - zeitgeist.extension - Searching for user extensions in: /home/lvl9/.local/share/zeitgeist/extensions
[2011-10-08 10:09:55,233] - DEBUG - zeitgeist.extension - No extra extensions
[2011-10-08 10:09:55,233] - DEBUG - zeitgeist.extension - Found extensions: [<class '_zeitgeist.engine.extensions.blacklist.Blacklist'>, <class '_zeitgeist.engine.extensions.fts.SearchEngineExtension'>, <class '_zeitgeist.engine.extensions.datasource_registry.DataSourceRegistry'>]
[2011-10-08 10:09:55,233] - DEBUG - zeitgeist.extension - Loading extension 'Blacklist'
[2011-10-08 10:09:55,233] - DEBUG - zeitgeist.blacklist - No existing blacklist config found
[2011-10-08 10:09:55,234] - DEBUG - zeitgeist.extension - Loading extension 'SearchEngineExtension'
[2011-10-08 10:09:55,234] - DEBUG - zeitgeist.fts - Opening full text index: /home/lvl9/.local/share/zeitgeist/fts.index
[2011-10-08 10:09:55,250] - DEBUG - zeitgeist.extension - Loading extension 'DataSourceRegistry'
[2011-10-08 10:09:55,251] - DEBUG - zeitgeist.datasource_registry - Loaded data-source data from /home/lvl9/.local/share/zeitgeist/datasources.pickle
[2011-10-08 10:09:55,259] - INFO - root - Trying to start the datahub
[2011-10-08 10:09:55,277] - DEBUG - root - Running datahub (/usr/bin/zeitgeist-datahub) with PID=1307
[2011-10-08 10:09:55,277] - INFO - root - Starting Zeitgeist service...
[2011-10-08 10:25:27,646] - DEBUG - singleton - Checking for another running instance...
[2011-10-08 10:25:27,664] - INFO - zeitgeist.sql - Using database: /home/lvl9/.local/share/zeitgeist/activity.sqlite
[2011-10-08 10:25:27,672] - DEBUG - zeitgeist.sql - Core schema is good. DB loaded in 8.59713554382ms
[2011-10-08 10:25:27,672] - DEBUG - zeitgeist.extension - Searching for system extensions in: /usr/share/zeitgeist/_zeitgeist/engine/extensions
[2011-10-08 10:25:27,673] - DEBUG - zeitgeist.extension - Searching for user extensions in: /home/lvl9/.local/share/zeitgeist/extensions
[2011-10-08 10:25:27,770] - DEBUG - zeitgeist.extension - No extra extensions
[2011-10-08 10:25:27,771] - DEBUG - zeitgeist.extension - Found extensions: [<class '_zeitgeist.engine.extensions.blacklist.Blacklist'>, <class '_zeitgeist.engine.extensions.fts.SearchEngineExtension'>, <class '_zeitgeist.engine.extensions.datasource_registry.DataSourceRegistry'>]
[2011-10-08 10:25:27,771] - DEBUG - zeitgeist.extension - Loading extension 'Blacklist'
[2011-10-08 10:25:27,771] - DEBUG - zeitgeist.blacklist - No existing blacklist config found
[2011-10-08 10:25:27,771] - DEBUG - zeitgeist.extension - Loading extension 'SearchEngineExtension'
[2011-10-08 10:25:27,772] - DEBUG - zeitgeist.fts - Opening full text index: /home/lvl9/.local/share/zeitgeist/fts.index
[2011-10-08 10:25:27,784] - DEBUG - zeitgeist.extension - Loading extension 'DataSourceRegistry'
[2011-10-08 10:25:27,785] - DEBUG - zeitgeist.datasource_registry - Loaded data-source data from /home/lvl9/.local/share/zeitgeist/datasources.pickle
[2011-10-08 10:25:27,791] - INFO - root - Trying to start the datahub
[2011-10-08 10:25:27,820] - DEBUG - root - Running datahub (/usr/bin/zeitgeist-datahub) with PID=1344
[2011-10-08 10:25:27,820] - INFO - root - Starting Zeitgeist service...
[2011-10-08 10:25:37,524] - DEBUG - zeitgeist.fts - Indexing 'application://gnome-terminal.desktop'
[2011-10-08 10:25:37,697] - DEBUG - zeitgeist.engine - Inserted 1 events out of 1 in 0.178541s
[2011-10-08 10:25:38,029] - DEBUG - zeitgeist.fts - Committing FTS index
[2011-10-08 11:39:24,936] - DEBUG - zeitgeist.fts - Indexing 'file:///home/lvl9/rails_projects/bookstore/app/views/ads/show.html.erb'
[2011-10-08 11:39:24,951] - DEBUG - zeitgeist.fts - Indexing 'file:///home/lvl9/rails_projects/bookstore/app/views/ads/show.html.erb'
[2011-10-08 11:39:24,953] - DEBUG - zeitgeist.fts - Indexing 'file:///home/lvl9/rails_projects/bookstore/app/views/ads/show.html.erb'
[2011-10-08 11:39:24,995] - DEBUG - zeitgeist.engine - Inserted 3 events out of 3 in 0.062780s
[2011-10-08 11:39:25,455] - DEBUG - zeitgeist.fts - Committing FTS index
[2011-10-08 11:46:10,687] - DEBUG - zeitgeist.fts - Indexing 'application://gedit.desktop'
[2011-10-08 11:46:10,719] - DEBUG - zeitgeist.engine - Inserted 1 events out of 1 in 0.033574s
[2011-10-08 11:46:11,189] - DEBUG - zeitgeist.fts - Committing FTS index
[2011-10-08 11:46:40,627] - DEBUG - zeitgeist.fts - Indexing 'file:///home/lvl9/rails_projects/bookstore/config/routes.rb'
[2011-10-08 11:46:40,635] - DEBUG - zeitgeist.fts - Indexing 'file:///home/lvl9/rails_projects/bookstore/config/routes.rb'
[2011-10-08 11:46:40,646] - DEBUG - zeitgeist.engine - Inserted 3 events out of 3 in 0.030714s
[2011-10-08 11:46:40,648] - DEBUG - zeitgeist.fts - Indexing 'file:///home/lvl9/rails_projects/bookstore/config/routes.rb'
[2011-10-08 11:46:41,149] - DEBUG - zeitgeist.fts - Committing FTS index
[2011-10-08 11:52:09,719] - DEBUG - zeitgeist.fts - Indexing 'file:///home/lvl9/rails_projects/bookstore/config/routes.rb'
[2011-10-08 11:52:09,789] - DEBUG - zeitgeist.engine - Inserted 1 events out of 1 in 0.073537s
[2011-10-08 11:52:10,222] - DEBUG - zeitgeist.fts - Committing FTS index
[2011-10-08 12:06:25,443] - DEBUG - zeitgeist.fts - Indexing 'application://gedit.desktop'
[2011-10-08 12:06:25,488] - DEBUG - zeitgeist.engine - Inserted 1 events out of 1 in 0.045830s
[2011-10-08 12:06:25,946] - DEBUG - zeitgeist.fts - Committing FTS index
[2011-10-08 12:07:08,655] - DEBUG - zeitgeist.fts - Indexing 'file:///home/lvl9/rails_projects/bookstore/app/controllers/ads_controller.rb'
[2011-10-08 12:07:08,661] - DEBUG - zeitgeist.fts - Indexing 'file:///home/lvl9/rails_projects/bookstore/app/controllers/ads_controller.rb'
[2011-10-08 12:07:08,662] - DEBUG - zeitgeist.fts - Indexing 'file:///home/lvl9/rails_projects/bookstore/app/controllers/ads_controller.rb'
[2011-10-08 12:07:08,675] - DEBUG - zeitgeist.engine - Inserted 3 events out of 3 in 0.023227s
[2011-10-08 12:07:09,163] - DEBUG - zeitgeist.fts - Committing FTS index
[2011-10-08 12:10:46,133] - DEBUG - zeitgeist.fts - Indexing 'file:///home/lvl9/rails_projects/bookstore/app/controllers/ads_controller.rb'
[2011-10-08 12:10:46,180] - DEBUG - zeitgeist.engine - Inserted 1 events out of 1 in 0.060476s
[2011-10-08 12:10:46,635] - DEBUG - zeitgeist.fts - Committing FTS index
[2011-10-08 12:12:00,220] - DEBUG - zeitgeist.fts - Indexing 'application://firefox.desktop'
[2011-10-08 12:12:00,236] - DEBUG - zeitgeist.engine - Inserted 1 events out of 1 in 0.018375s
[2011-10-08 12:12:00,721] - DEBUG - zeitgeist.fts - Committing FTS index
[2011-10-08 12:12:01,248] - DEBUG - zeitgeist.fts - Indexing 'file:///home/lvl9/rails_projects/bookstore/app/views/ads/show.html.erb'
[2011-10-08 12:12:01,252] - DEBUG - zeitgeist.engine - Inserted 1 events out of 1 in 0.005833s
[2011-10-08 12:12:01,751] - DEBUG - zeitgeist.fts - Committing FTS index
[2011-10-08 12:12:27,943] - DEBUG - zeitgeist.fts - Indexing 'application://firefox.desktop'
[2011-10-08 12:12:27,977] - DEBUG - zeitgeist.engine - Inserted 1 events out of 1 in 0.036015s
[2011-10-08 12:12:28,444] - DEBUG - zeitgeist.fts - Committing FTS index
[2011-10-08 12:12:28,961] - DEBUG - zeitgeist.fts - Indexing 'file:///home/lvl9/rails_projects/bookstore/app/views/ads/show.html.erb'
[2011-10-08 12:12:28,969] - DEBUG - zeitgeist.engine - Inserted 1 events out of 1 in 0.009541s
[2011-10-08 12:12:29,462] - DEBUG - zeitgeist.fts - Committing FTS index
[2011-10-08 12:13:07,576] - DEBUG - zeitgeist.fts - Indexing 'application://gedit.desktop'
[2011-10-08 12:13:07,636] - DEBUG - zeitgeist.engine - Inserted 1 events out of 1 in 0.061001s
[2011-10-08 12:13:08,083] - DEBUG - zeitgeist.fts - Committing FTS index
[2011-10-08 12:13:39,324] - DEBUG - zeitgeist.fts - Indexing 'file:///home/lvl9/rails_projects/bookstore/app/views/ads/show.html.erb'
[2011-10-08 12:13:39,376] - DEBUG - zeitgeist.engine - Inserted 1 events out of 1 in 0.054607s
[2011-10-08 12:13:39,825] - DEBUG - zeitgeist.fts - Committing FTS index
[2011-10-08 12:20:54,858] - DEBUG - zeitgeist.fts - Indexing 'file:///home/lvl9/rails_projects/bookstore/app/views/ads/show.html.erb'
[2011-10-08 12:20:54,865] - DEBUG - zeitgeist.engine - Inserted 1 events out of 1 in 0.013911s
[2011-10-08 12:20:55,360] - DEBUG - zeitgeist.fts - Committing FTS index
[2011-10-08 12:24:21,807] - DEBUG - zeitgeist.fts - Indexing 'application://gedit.desktop'
[2011-10-08 12:24:21,877] - DEBUG - zeitgeist.engine - Inserted 1 events out of 1 in 0.071243s
[2011-10-08 12:24:22,317] - DEBUG - zeitgeist.fts - Committing FTS index
[2011-10-08 12:25:43,288] - DEBUG - zeitgeist.fts - Indexing 'file:///home/lvl9/rails_projects/bookstore/app/views/ads/show.html.erb'
[2011-10-08 12:25:43,298] - DEBUG - zeitgeist.engine - Inserted 1 events out of 1 in 0.018602s
[2011-10-08 12:25:43,797] - DEBUG - zeitgeist.fts - Committing FTS index
[2011-10-08 12:30:40,417] - DEBUG - zeitgeist.fts - Indexing 'file:///home/lvl9/rails_projects/bookstore/app/views/ads/show.html.erb'
[2011-10-08 12:30:40,459] - DEBUG - zeitgeist.engine - Inserted 1 events out of 1 in 0.044063s
[2011-10-08 12:30:40,918] - DEBUG - zeitgeist.fts - Committing FTS index
[2011-10-08 19:35:33,723] - DEBUG - singleton - Checking for another running instance...
[2011-10-08 19:35:33,749] - INFO - zeitgeist.sql - Using database: /home/lvl9/.local/share/zeitgeist/activity.sqlite
[2011-10-08 19:35:33,754] - DEBUG - zeitgeist.sql - Core schema is good. DB loaded in 4.31203842163ms
[2011-10-08 19:35:33,754] - DEBUG - zeitgeist.extension - Searching for system extensions in: /usr/share/zeitgeist/_zeitgeist/engine/extensions
[2011-10-08 19:35:33,754] - DEBUG - zeitgeist.extension - Searching for user extensions in: /home/lvl9/.local/share/zeitgeist/extensions
[2011-10-08 19:35:33,878] - DEBUG - zeitgeist.extension - No extra extensions
[2011-10-08 19:35:33,878] - DEBUG - zeitgeist.extension - Found extensions: [<class '_zeitgeist.engine.extensions.blacklist.Blacklist'>, <class '_zeitgeist.engine.extensions.fts.SearchEngineExtension'>, <class '_zeitgeist.engine.extensions.datasource_registry.DataSourceRegistry'>]
[2011-10-08 19:35:33,878] - DEBUG - zeitgeist.extension - Loading extension 'Blacklist'
[2011-10-08 19:35:33,878] - DEBUG - zeitgeist.blacklist - No existing blacklist config found
[2011-10-08 19:35:33,878] - DEBUG - zeitgeist.extension - Loading extension 'SearchEngineExtension'
[2011-10-08 19:35:33,878] - DEBUG - zeitgeist.fts - Opening full text index: /home/lvl9/.local/share/zeitgeist/fts.index
[2011-10-08 19:35:33,922] - DEBUG - zeitgeist.extension - Loading extension 'DataSourceRegistry'
[2011-10-08 19:35:33,923] - DEBUG - zeitgeist.datasource_registry - Loaded data-source data from /home/lvl9/.local/share/zeitgeist/datasources.pickle
[2011-10-08 19:35:33,929] - INFO - root - Trying to start the datahub
[2011-10-08 19:35:33,948] - DEBUG - root - Running datahub (/usr/bin/zeitgeist-datahub) with PID=1293
[2011-10-08 19:35:33,948] - INFO - root - Starting Zeitgeist service...
[2011-10-08 19:35:34,233] - DEBUG - zeitgeist.fts - Indexing 'file:///home/lvl9/rails_projects/bookstore/app/controllers/ads_controller.rb'
[2011-10-08 19:35:34,294] - DEBUG - zeitgeist.engine - Inserted 9 events out of 9 in 0.086755s
[2011-10-08 19:35:34,307] - DEBUG - zeitgeist.fts - Indexing 'file:///home/lvl9/rails_projects/bookstore/app/controllers/ads_controller.rb'
[2011-10-08 19:35:34,309] - DEBUG - zeitgeist.fts - Indexing 'file:///home/lvl9/rails_projects/bookstore/app/controllers/ads_controller.rb'
[2011-10-08 19:35:34,315] - DEBUG - zeitgeist.fts - Indexing 'file:///home/lvl9/rails_projects/bookstore/config/routes.rb'
[2011-10-08 19:35:34,324] - DEBUG - zeitgeist.fts - Indexing 'file:///home/lvl9/rails_projects/bookstore/config/routes.rb'
[2011-10-08 19:35:34,326] - DEBUG - zeitgeist.fts - Indexing 'file:///home/lvl9/rails_projects/bookstore/config/routes.rb'
[2011-10-08 19:35:34,338] - DEBUG - zeitgeist.fts - Indexing 'file:///home/lvl9/rails_projects/bookstore/app/views/ads/show.html.erb'
[2011-10-08 19:35:34,340] - DEBUG - zeitgeist.fts - Indexing 'file:///home/lvl9/rails_projects/bookstore/app/views/ads/show.html.erb'
[2011-10-08 19:35:34,342] - DEBUG - zeitgeist.fts - Indexing 'file:///home/lvl9/rails_projects/bookstore/app/views/ads/show.html.erb'
[2011-10-08 19:35:34,859] - DEBUG - zeitgeist.fts - Committing FTS index
[2011-10-08 19:35:50,060] - DEBUG - zeitgeist.fts - Indexing 'application://gnome-terminal.desktop'
[2011-10-08 19:35:50,338] - DEBUG - zeitgeist.engine - Inserted 1 events out of 1 in 0.281904s
[2011-10-08 19:35:50,562] - DEBUG - zeitgeist.fts - Committing FTS index
[2011-10-08 19:41:06,681] - DEBUG - zeitgeist.fts - Indexing 'file:///home/lvl9/rails_projects/demo_app/Gemfile'
[2011-10-08 19:41:06,683] - DEBUG - zeitgeist.fts - Indexing 'file:///home/lvl9/rails_projects/demo_app/Gemfile'
[2011-10-08 19:41:06,690] - DEBUG - zeitgeist.fts - Indexing 'file:///home/lvl9/rails_projects/demo_app/Gemfile'
[2011-10-08 19:41:06,704] - DEBUG - zeitgeist.engine - Inserted 3 events out of 3 in 0.025481s
[2011-10-08 19:41:07,191] - DEBUG - zeitgeist.fts - Committing FTS index
[2011-10-08 19:41:33,229] - DEBUG - zeitgeist.fts - Indexing 'file:///home/lvl9/rails_projects/demo_app/Gemfile'
[2011-10-08 19:41:33,259] - DEBUG - zeitgeist.engine - Inserted 1 events out of 1 in 0.033343s
[2011-10-08 19:41:33,730] - DEBUG - zeitgeist.fts - Committing FTS index
[2011-10-08 20:25:07,698] - DEBUG - zeitgeist.fts - Indexing 'file:///home/lvl9/rails_projects/demo_app/config/routes.rb'
[2011-10-08 20:25:07,706] - DEBUG - zeitgeist.fts - Indexing 'file:///home/lvl9/rails_projects/demo_app/config/routes.rb'
[2011-10-08 20:25:07,717] - DEBUG - zeitgeist.fts - Indexing 'file:///home/lvl9/rails_projects/demo_app/config/routes.rb'
[2011-10-08 20:25:07,735] - DEBUG - zeitgeist.engine - Inserted 3 events out of 3 in 0.040756s
[2011-10-08 20:25:08,218] - DEBUG - zeitgeist.fts - Committing FTS index
[2011-10-08 20:26:46,705] - DEBUG - zeitgeist.fts - Indexing 'file:///home/lvl9/rails_projects/demo_app/app/controllers/microposts_controller.rb'
[2011-10-08 20:26:46,713] - DEBUG - zeitgeist.fts - Indexing 'file:///home/lvl9/rails_projects/demo_app/app/controllers/microposts_controller.rb'
[2011-10-08 20:26:46,715] - DEBUG - zeitgeist.fts - Indexing 'file:///home/lvl9/rails_projects/demo_app/app/controllers/microposts_controller.rb'
[2011-10-08 20:26:46,750] - DEBUG - zeitgeist.engine - Inserted 3 events out of 3 in 0.062879s
[2011-10-08 20:26:47,218] - DEBUG - zeitgeist.fts - Committing FTS index
[2011-10-08 20:29:11,047] - DEBUG - zeitgeist.fts - Indexing 'file:///home/lvl9/rails_projects/demo_app/app/models/micropost.rb'
[2011-10-08 20:29:11,050] - DEBUG - zeitgeist.fts - Indexing 'file:///home/lvl9/rails_projects/demo_app/app/models/micropost.rb'
[2011-10-08 20:29:11,065] - DEBUG - zeitgeist.fts - Indexing 'file:///home/lvl9/rails_projects/demo_app/app/models/micropost.rb'
[2011-10-08 20:29:11,068] - DEBUG - zeitgeist.engine - Inserted 3 events out of 3 in 0.028277s
[2011-10-08 20:29:11,573] - DEBUG - zeitgeist.fts - Committing FTS index
[2011-10-08 20:29:34,277] - DEBUG - zeitgeist.fts - Indexing 'file:///home/lvl9/rails_projects/demo_app/app/models/user.rb'
[2011-10-08 20:29:34,284] - DEBUG - zeitgeist.fts - Indexing 'file:///home/lvl9/rails_projects/demo_app/app/models/user.rb'
[2011-10-08 20:29:34,286] - DEBUG - zeitgeist.fts - Indexing 'file:///home/lvl9/rails_projects/demo_app/app/models/user.rb'
[2011-10-08 20:29:34,318] - DEBUG - zeitgeist.engine - Inserted 3 events out of 3 in 0.043917s
[2011-10-08 20:29:34,787] - DEBUG - zeitgeist.fts - Committing FTS index
[2011-10-08 20:39:09,184] - DEBUG - zeitgeist.fts - Indexing 'file:///home/lvl9/rails_projects/demo_app/app/models/micropost.rb'
[2011-10-08 20:39:09,198] - DEBUG - zeitgeist.engine - Inserted 1 events out of 1 in 0.017055s
[2011-10-08 20:39:09,689] - DEBUG - zeitgeist.fts - Committing FTS index
[2011-10-08 20:41:17,978] - DEBUG - zeitgeist.fts - Indexing 'file:///home/lvl9/rails_projects/demo_app/app/models/micropost.rb'
[2011-10-08 20:41:18,005] - DEBUG - zeitgeist.engine - Inserted 1 events out of 1 in 0.039567s
[2011-10-08 20:41:18,490] - DEBUG - zeitgeist.fts - Committing FTS index
[2011-10-08 20:44:13,475] - DEBUG - zeitgeist.fts - Indexing 'application://gedit.desktop'
[2011-10-08 20:44:13,498] - DEBUG - zeitgeist.engine - Inserted 1 events out of 1 in 0.024576s
[2011-10-08 20:44:13,978] - DEBUG - zeitgeist.fts - Committing FTS index
[2011-10-08 20:45:01,508] - DEBUG - zeitgeist.fts - Indexing 'file:///home/lvl9/rails_projects/demo_app/app/models/user.rb'
[2011-10-08 20:45:01,517] - DEBUG - zeitgeist.engine - Inserted 1 events out of 1 in 0.016153s
[2011-10-08 20:45:02,009] - DEBUG - zeitgeist.fts - Committing FTS index
[2011-10-08 20:45:54,293] - DEBUG - zeitgeist.fts - Indexing 'file:///home/lvl9/rails_projects/demo_app/app/models/user.rb'
[2011-10-08 20:45:54,361] - DEBUG - zeitgeist.engine - Inserted 1 events out of 1 in 0.082618s
[2011-10-08 20:45:54,795] - DEBUG - zeitgeist.fts - Committing FTS index
[2011-10-08 20:46:19,651] - DEBUG - zeitgeist.fts - Indexing 'file:///home/lvl9/rails_projects/demo_app/app/models/micropost.rb'
[2011-10-08 20:46:19,705] - DEBUG - zeitgeist.engine - Inserted 1 events out of 1 in 0.056439s
[2011-10-08 20:46:20,152] - DEBUG - zeitgeist.fts - Committing FTS index
[2011-10-08 20:47:15,162] - DEBUG - zeitgeist.fts - Indexing 'file:///home/lvl9/rails_projects/demo_app/app/models/micropost.rb'
[2011-10-08 20:47:15,183] - DEBUG - zeitgeist.engine - Inserted 1 events out of 1 in 0.023619s
[2011-10-08 20:47:15,663] - DEBUG - zeitgeist.fts - Committing FTS index
[2011-10-08 20:55:45,468] - DEBUG - zeitgeist.fts - Indexing 'application://gnome-terminal.desktop'
[2011-10-08 20:55:45,501] - DEBUG - zeitgeist.engine - Inserted 1 events out of 1 in 0.034446s
[2011-10-08 20:55:45,970] - DEBUG - zeitgeist.fts - Committing FTS index
